<?xml version="1.0" encoding="UTF-8"?>
<testng-results ignored="0" total="2" passed="2" failed="0" skipped="0">
  <reporter-output>
  </reporter-output>
  <suite started-at="2024-03-11T10:47:06 PET" name="Default suite" finished-at="2024-03-11T10:47:14 PET" duration-ms="7542">
    <groups>
    </groups>
    <test started-at="2024-03-11T10:47:06 PET" name="Default test" finished-at="2024-03-11T10:47:14 PET" duration-ms="7542">
      <class name="pe.saucedemo.WebCompraMasProductos">
        <test-method signature="setUp()[pri:0, instance:pe.saucedemo.WebCompraMasProductos@71ba6d4e]" started-at="2024-03-11T10:47:06 PET" name="setUp" finished-at="2024-03-11T10:47:12 PET" duration-ms="5558" status="PASS">
          <reporter-output>
          </reporter-output>
        </test-method> <!-- setUp -->
        <test-method signature="f()[pri:0, instance:pe.saucedemo.WebCompraMasProductos@71ba6d4e]" started-at="2024-03-11T10:47:12 PET" name="f" finished-at="2024-03-11T10:47:14 PET" duration-ms="1942" status="PASS">
          <reporter-output>
          </reporter-output>
        </test-method> <!-- f -->
      </class> <!-- pe.saucedemo.WebCompraMasProductos -->
    </test> <!-- Default test -->
  </suite> <!-- Default suite -->
</testng-results>
